2025-01-21 10:35:00,705 - INFO - Sending input: key=w, state=True
2025-01-21 10:35:00,818 - INFO - Sending input: key=w, state=False
2025-01-21 10:35:01,054 - INFO - Sending input: key=w, state=True
2025-01-21 10:35:01,156 - INFO - Sending input: key=w, state=False
2025-01-21 10:35:01,460 - INFO - Sending input: key=w, state=True
2025-01-21 10:35:01,543 - INFO - Sending input: key=w, state=False
2025-01-21 10:35:01,799 - INFO - Sending input: key=w, state=True
2025-01-21 10:35:01,899 - INFO - Sending input: key=w, state=False
2025-01-21 10:36:47,159 - INFO - Sending input: key=w, state=True
2025-01-21 10:36:47,603 - INFO - Sending input: key=a, state=True
2025-01-21 10:36:47,721 - INFO - Sending input: key=w, state=False
2025-01-21 10:36:48,229 - INFO - Sending input: key=d, state=True
2025-01-21 10:36:48,261 - INFO - Sending input: key=a, state=False
2025-01-21 10:36:48,802 - INFO - Sending input: key=d, state=False
2025-01-21 10:36:49,902 - INFO - Sending input: key=a, state=True
2025-01-21 10:36:50,324 - INFO - Sending input: key=w, state=True
2025-01-21 10:36:51,055 - INFO - Sending input: key=w, state=False
2025-01-21 10:36:51,319 - INFO - Sending input: key=w, state=True
2025-01-21 10:36:52,583 - INFO - Sending input: key=d, state=True
2025-01-21 10:36:52,785 - INFO - Sending input: key=w, state=False
2025-01-21 10:36:52,820 - INFO - Sending input: key=w, state=True
2025-01-21 10:36:53,190 - INFO - Sending input: key=w, state=False
2025-01-21 10:36:53,293 - INFO - Sending input: key=d, state=False
2025-01-21 10:36:54,506 - INFO - Sending input: key=a, state=False
2025-01-21 10:37:24,381 - INFO - Sending input: key=w, state=True
2025-01-21 10:37:28,073 - INFO - Sending input: key=w, state=False
2025-01-21 10:37:32,375 - INFO - Sending input: key=a, state=True
2025-01-21 10:37:32,508 - INFO - Sending input: key=w, state=True
2025-01-21 10:37:32,608 - INFO - Sending input: key=a, state=False
2025-01-21 10:37:32,897 - INFO - Sending input: key=a, state=True
2025-01-21 10:37:33,100 - INFO - Sending input: key=w, state=False
2025-01-21 10:37:34,083 - INFO - Sending input: key=d, state=True
2025-01-21 10:37:34,099 - INFO - Sending input: key=a, state=False
2025-01-21 10:37:34,790 - INFO - Sending input: key=w, state=True
2025-01-21 10:37:34,857 - INFO - Sending input: key=d, state=False
2025-01-21 10:37:35,026 - INFO - Sending input: key=a, state=True
2025-01-21 10:37:35,109 - INFO - Sending input: key=w, state=False
2025-01-21 10:37:35,279 - INFO - Sending input: key=w, state=True
2025-01-21 10:37:35,346 - INFO - Sending input: key=a, state=False
2025-01-21 10:37:35,686 - INFO - Sending input: key=d, state=True
2025-01-21 10:37:35,736 - INFO - Sending input: key=w, state=False
2025-01-21 10:37:36,495 - INFO - Sending input: key=w, state=True
2025-01-21 10:37:36,528 - INFO - Sending input: key=d, state=False
2025-01-21 10:37:36,986 - INFO - Sending input: key=d, state=True
2025-01-21 10:37:37,171 - INFO - Sending input: key=a, state=True
2025-01-21 10:37:37,254 - INFO - Sending input: key=a, state=False
2025-01-21 10:37:37,270 - INFO - Sending input: key=w, state=False
2025-01-21 10:37:37,594 - INFO - Sending input: key=a, state=True
2025-01-21 10:37:38,204 - INFO - Sending input: key=a, state=False
2025-01-21 10:37:38,732 - INFO - Sending input: key=w, state=True
2025-01-21 10:37:38,866 - INFO - Sending input: key=a, state=True
2025-01-21 10:37:39,238 - INFO - Sending input: key=w, state=False
2025-01-21 10:37:39,306 - INFO - Sending input: key=d, state=False
2025-01-21 10:37:39,780 - INFO - Sending input: key=w, state=True
2025-01-21 10:37:41,232 - INFO - Sending input: key=w, state=False
2025-01-21 10:37:42,553 - INFO - Sending input: key=w, state=True
2025-01-21 10:37:42,688 - INFO - Sending input: key=a, state=False
2025-01-21 10:37:43,264 - INFO - Sending input: key=d, state=True
2025-01-21 10:37:47,217 - INFO - Sending input: key=w, state=False
2025-01-21 10:37:47,285 - INFO - Sending input: key=w, state=True
2025-01-21 10:37:51,167 - INFO - Sending input: key=w, state=False
2025-01-21 10:37:52,450 - INFO - Sending input: key=d, state=False
2025-01-21 10:37:56,890 - INFO - Sending input: key=d, state=True
2025-01-21 10:37:57,501 - INFO - Sending input: key=d, state=False
2025-01-21 10:37:57,944 - INFO - Sending input: key=d, state=True
2025-01-21 10:37:58,278 - INFO - Sending input: key=d, state=False
2025-01-21 10:37:58,973 - INFO - Sending input: key=w, state=True
2025-01-21 10:37:59,822 - INFO - Sending input: key=a, state=True
2025-01-21 10:38:00,513 - INFO - Sending input: key=a, state=False
2025-01-21 10:38:01,190 - INFO - Sending input: key=d, state=True
2025-01-21 10:38:01,881 - INFO - Sending input: key=d, state=False
2025-01-21 10:38:02,352 - INFO - Sending input: key=d, state=True
2025-01-21 10:38:02,793 - INFO - Sending input: key=a, state=True
2025-01-21 10:38:03,812 - INFO - Sending input: key=d, state=False
2025-01-21 10:38:03,813 - INFO - Sending input: key=w, state=False
2025-01-21 10:38:04,712 - INFO - Sending input: key=w, state=True
2025-01-21 10:38:04,745 - INFO - Sending input: key=a, state=False
2025-01-21 10:38:06,056 - INFO - Sending input: key=d, state=True
2025-01-21 10:38:08,059 - INFO - Sending input: key=w, state=False
2025-01-21 10:38:08,601 - INFO - Sending input: key=w, state=True
2025-01-21 10:38:11,953 - INFO - Sending input: key=w, state=False
2025-01-21 10:38:12,140 - INFO - Sending input: key=w, state=True
2025-01-21 10:38:12,224 - INFO - Sending input: key=d, state=False
2025-01-21 10:38:12,730 - INFO - Sending input: key=d, state=True
2025-01-21 10:38:14,255 - INFO - Sending input: key=d, state=False
2025-01-21 10:38:14,802 - INFO - Sending input: key=a, state=True
2025-01-21 10:38:15,634 - INFO - Sending input: key=a, state=False
2025-01-21 10:38:16,143 - INFO - Sending input: key=d, state=True
2025-01-21 10:38:18,517 - INFO - Sending input: key=w, state=False
2025-01-21 10:38:19,547 - INFO - Sending input: key=w, state=True
2025-01-21 10:38:19,633 - INFO - Sending input: key=d, state=False
2025-01-21 10:38:20,090 - INFO - Sending input: key=a, state=True
2025-01-21 10:38:21,951 - INFO - Sending input: key=a, state=False
2025-01-21 10:38:22,292 - INFO - Sending input: key=a, state=True
2025-01-21 10:38:23,258 - INFO - Sending input: key=a, state=False
2025-01-21 10:38:23,819 - INFO - Sending input: key=d, state=True
2025-01-21 10:38:24,397 - INFO - Sending input: key=d, state=False
2025-01-21 10:38:25,230 - INFO - Sending input: key=d, state=True
2025-01-21 10:38:28,084 - INFO - Sending input: key=w, state=False
2025-01-21 10:38:28,100 - INFO - Sending input: key=d, state=False
2025-01-21 10:38:28,321 - INFO - Sending input: key=a, state=True
2025-01-21 10:38:29,526 - INFO - Sending input: key=w, state=True
2025-01-21 10:38:29,592 - INFO - Sending input: key=a, state=False
2025-01-21 10:38:29,711 - INFO - Sending input: key=a, state=True
2025-01-21 10:38:29,810 - INFO - Sending input: key=w, state=False
2025-01-21 10:38:30,185 - INFO - Sending input: key=w, state=True
2025-01-21 10:38:30,388 - INFO - Sending input: key=a, state=False
2025-01-21 10:38:30,696 - INFO - Sending input: key=a, state=True
2025-01-21 10:38:33,962 - INFO - Sending input: key=w, state=False
2025-01-21 10:38:33,997 - INFO - Sending input: key=w, state=True
2025-01-21 10:38:35,313 - INFO - Sending input: key=a, state=False
2025-01-21 10:38:35,840 - INFO - Sending input: key=d, state=True
2025-01-21 10:38:36,470 - INFO - Sending input: key=a, state=True
2025-01-21 10:38:36,690 - INFO - Sending input: key=a, state=False
2025-01-21 10:38:37,163 - INFO - Sending input: key=d, state=False
2025-01-21 10:38:37,821 - INFO - Sending input: key=d, state=True
2025-01-21 10:38:38,444 - INFO - Sending input: key=d, state=False
2025-01-21 10:38:38,903 - INFO - Sending input: key=a, state=True
2025-01-21 10:38:39,155 - INFO - Sending input: key=a, state=False
2025-01-21 10:38:39,510 - INFO - Sending input: key=d, state=True
2025-01-21 10:38:40,289 - INFO - Sending input: key=d, state=False
2025-01-21 10:38:40,831 - INFO - Sending input: key=a, state=True
2025-01-21 10:38:41,656 - INFO - Sending input: key=a, state=False
2025-01-21 10:38:42,181 - INFO - Sending input: key=d, state=True
2025-01-21 10:38:44,383 - INFO - Sending input: key=a, state=True
2025-01-21 10:38:44,687 - INFO - Sending input: key=d, state=False
2025-01-21 10:38:45,145 - INFO - Sending input: key=w, state=False
2025-01-21 10:38:45,161 - INFO - Sending input: key=a, state=False
2025-01-21 10:38:45,248 - INFO - Sending input: key=w, state=True
2025-01-21 10:38:45,248 - INFO - Sending input: key=a, state=True
2025-01-21 10:38:45,906 - INFO - Sending input: key=w, state=False
2025-01-21 10:38:46,226 - INFO - Sending input: key=w, state=True
2025-01-21 10:38:46,599 - INFO - Sending input: key=a, state=False
2025-01-21 10:38:46,874 - INFO - Sending input: key=a, state=True
2025-01-21 10:38:48,050 - INFO - Sending input: key=a, state=False
2025-01-21 10:38:48,274 - INFO - Sending input: key=d, state=True
2025-01-21 10:38:48,597 - INFO - Sending input: key=w, state=False
2025-01-21 10:38:49,526 - INFO - Sending input: key=d, state=False
2025-01-21 10:38:50,085 - INFO - Sending input: key=a, state=True
2025-01-21 10:38:50,489 - INFO - Sending input: key=a, state=False
2025-01-21 10:38:50,506 - INFO - Sending input: key=w, state=True
2025-01-21 10:38:51,065 - INFO - Sending input: key=d, state=True
2025-01-21 10:38:51,706 - INFO - Sending input: key=a, state=True
2025-01-21 10:38:52,567 - INFO - Sending input: key=w, state=False
2025-01-21 10:38:52,585 - INFO - Sending input: key=d, state=False
2025-01-21 10:38:53,231 - INFO - Sending input: key=w, state=True
2025-01-21 10:38:53,859 - INFO - Sending input: key=d, state=True
2025-01-21 10:38:54,756 - INFO - Sending input: key=d, state=False
2025-01-21 10:38:55,112 - INFO - Sending input: key=w, state=False
2025-01-21 10:38:55,722 - INFO - Sending input: key=w, state=True
2025-01-21 10:38:58,297 - INFO - Sending input: key=d, state=True
2025-01-21 10:38:58,821 - INFO - Sending input: key=d, state=False
2025-01-21 10:38:59,192 - INFO - Sending input: key=d, state=True
2025-01-21 10:38:59,444 - INFO - Sending input: key=d, state=False
2025-01-21 10:38:59,718 - INFO - Sending input: key=d, state=True
2025-01-21 10:39:00,174 - INFO - Sending input: key=d, state=False
2025-01-21 10:39:01,601 - INFO - Sending input: key=d, state=True
2025-01-21 10:39:01,939 - INFO - Sending input: key=w, state=False
2025-01-21 10:39:01,955 - INFO - Sending input: key=d, state=False
2025-01-21 10:39:03,596 - INFO - Sending input: key=d, state=True
2025-01-21 10:39:03,747 - INFO - Sending input: key=w, state=True
2025-01-21 10:39:04,086 - INFO - Sending input: key=d, state=False
2025-01-21 10:39:04,308 - INFO - Sending input: key=d, state=True
2025-01-21 10:39:04,698 - INFO - Sending input: key=a, state=False
2025-01-21 10:39:04,733 - INFO - Sending input: key=w, state=False
2025-01-21 10:39:04,886 - INFO - Sending input: key=w, state=True
2025-01-21 10:39:05,090 - INFO - Sending input: key=a, state=True
2025-01-21 10:39:05,427 - INFO - Sending input: key=d, state=False
2025-01-21 10:39:05,511 - INFO - Sending input: key=w, state=False
2025-01-21 10:39:05,562 - INFO - Sending input: key=w, state=True
2025-01-21 10:39:05,797 - INFO - Sending input: key=w, state=False
2025-01-21 10:39:05,935 - INFO - Sending input: key=w, state=True
2025-01-21 10:39:06,933 - INFO - Sending input: key=w, state=False
2025-01-21 10:39:08,784 - INFO - Sending input: key=w, state=True
2025-01-21 10:39:09,141 - INFO - Sending input: key=a, state=False
2025-01-21 10:39:09,651 - INFO - Sending input: key=a, state=True
2025-01-21 10:39:11,828 - INFO - Sending input: key=d, state=True
2025-01-21 10:39:11,878 - INFO - Sending input: key=a, state=False
2025-01-21 10:39:12,594 - INFO - Sending input: key=d, state=False
2025-01-21 10:39:12,712 - INFO - Sending input: key=d, state=True
2025-01-21 10:39:12,762 - INFO - Sending input: key=d, state=False
2025-01-21 10:39:14,029 - INFO - Sending input: key=d, state=True
2025-01-21 10:39:14,690 - INFO - Sending input: key=d, state=False
2025-01-21 10:39:14,843 - INFO - Sending input: key=d, state=True
2025-01-21 10:39:15,080 - INFO - Sending input: key=d, state=False
2025-01-21 10:39:15,928 - INFO - Sending input: key=a, state=True
2025-01-21 10:39:17,151 - INFO - Sending input: key=a, state=False
2025-01-21 10:39:17,320 - INFO - Sending input: key=d, state=True
2025-01-21 10:39:18,336 - INFO - Sending input: key=d, state=False
2025-01-21 10:39:18,539 - INFO - Sending input: key=a, state=True
2025-01-21 10:39:19,574 - INFO - Sending input: key=d, state=True
2025-01-21 10:39:20,046 - INFO - Sending input: key=d, state=False
2025-01-21 10:39:20,097 - INFO - Sending input: key=w, state=False
2025-01-21 10:39:21,333 - INFO - Sending input: key=w, state=True
2025-01-21 10:39:22,100 - INFO - Sending input: key=d, state=True
2025-01-21 10:39:22,655 - INFO - Sending input: key=d, state=False
2025-01-21 10:39:22,740 - INFO - Sending input: key=a, state=False
2025-01-21 10:39:22,775 - INFO - Sending input: key=d, state=True
2025-01-21 10:39:22,825 - INFO - Sending input: key=w, state=False
2025-01-21 10:39:22,977 - INFO - Sending input: key=w, state=True
2025-01-21 10:39:23,399 - INFO - Sending input: key=d, state=False
2025-01-21 10:39:23,485 - INFO - Sending input: key=a, state=True
2025-01-21 10:39:23,653 - INFO - Sending input: key=w, state=False
2025-01-21 10:39:24,060 - INFO - Sending input: key=w, state=True
2025-01-21 10:39:24,125 - INFO - Sending input: key=a, state=False
2025-01-21 10:39:24,987 - INFO - Sending input: key=d, state=True
2025-01-21 10:39:25,818 - INFO - Sending input: key=a, state=True
2025-01-21 10:39:25,851 - INFO - Sending input: key=d, state=False
2025-01-21 10:39:25,937 - INFO - Sending input: key=d, state=True
2025-01-21 10:39:26,020 - INFO - Sending input: key=a, state=False
2025-01-21 10:39:26,428 - INFO - Sending input: key=d, state=False
2025-01-21 10:39:26,444 - INFO - Sending input: key=a, state=True
2025-01-21 10:39:26,646 - INFO - Sending input: key=d, state=True
2025-01-21 10:39:26,883 - INFO - Sending input: key=a, state=False
2025-01-21 10:39:27,274 - INFO - Sending input: key=d, state=False
2025-01-21 10:39:27,393 - INFO - Sending input: key=w, state=False
